/home/alexander.rubinshtey/miniforge3/envs/pytorch/lib/python3.12/site-packages/torch/utils/data/dataloader.py:557: UserWarning: This DataLoader will create 4 worker processes in total. Our suggested max number of worker in current system is 2, which is smaller than what this DataLoader is going to create. Please be aware that excessive worker creation might get DataLoader running slow or even freeze, lower the worker number to avoid potential slowness/freeze if necessary.
  warnings.warn(_create_warning_msg(
/home/alexander.rubinshtey/miniforge3/envs/pytorch/lib/python3.12/site-packages/torchvision/models/_utils.py:208: UserWarning: The parameter 'pretrained' is deprecated since 0.13 and may be removed in the future, please use 'weights' instead.
  warnings.warn(
/home/alexander.rubinshtey/miniforge3/envs/pytorch/lib/python3.12/site-packages/torchvision/models/_utils.py:223: UserWarning: Arguments other than a weight enum or `None` for 'weights' are deprecated since 0.13 and may be removed in the future. The current behavior is equivalent to passing `weights=ResNet18_Weights.IMAGENET1K_V1`. You can also use `weights=ResNet18_Weights.DEFAULT` to get the most up-to-date weights.
  warnings.warn(msg)
Epoch [1/20], Training Loss: 0.7666
Validation Loss: 0.5349, Validation Accuracy: 0.8044
Epoch [2/20], Training Loss: 0.5303
Validation Loss: 0.4757, Validation Accuracy: 0.8256
Epoch [3/20], Training Loss: 0.4787
Validation Loss: 0.4578, Validation Accuracy: 0.8272
Epoch [4/20], Training Loss: 0.4474
Validation Loss: 0.4316, Validation Accuracy: 0.8328
Epoch [5/20], Training Loss: 0.4360
Validation Loss: 0.4197, Validation Accuracy: 0.8467
Epoch [6/20], Training Loss: 0.4195
Validation Loss: 0.4403, Validation Accuracy: 0.8372
Epoch [7/20], Training Loss: 0.4036
Validation Loss: 0.4186, Validation Accuracy: 0.8444
Epoch [8/20], Training Loss: 0.3992
Validation Loss: 0.3979, Validation Accuracy: 0.8522
Epoch [9/20], Training Loss: 0.3856
Validation Loss: 0.3966, Validation Accuracy: 0.8511
Epoch [10/20], Training Loss: 0.3734
Validation Loss: 0.3945, Validation Accuracy: 0.8517
Epoch [11/20], Training Loss: 0.3657
Validation Loss: 0.4174, Validation Accuracy: 0.8428
Epoch [12/20], Training Loss: 0.3615
Validation Loss: 0.3704, Validation Accuracy: 0.8606
Epoch [13/20], Training Loss: 0.3470
Validation Loss: 0.3819, Validation Accuracy: 0.8567
Epoch [14/20], Training Loss: 0.3406
Validation Loss: 0.3831, Validation Accuracy: 0.8578
Epoch [15/20], Training Loss: 0.3331
Validation Loss: 0.3664, Validation Accuracy: 0.8656
Epoch [16/20], Training Loss: 0.3296
Validation Loss: 0.3794, Validation Accuracy: 0.8600
Epoch [17/20], Training Loss: 0.3258
Validation Loss: 0.3845, Validation Accuracy: 0.8589
Epoch [18/20], Training Loss: 0.3232
Validation Loss: 0.3702, Validation Accuracy: 0.8617
Epoch [19/20], Training Loss: 0.3084
Validation Loss: 0.3861, Validation Accuracy: 0.8589
Epoch [20/20], Training Loss: 0.3070
Validation Loss: 0.3865, Validation Accuracy: 0.8561
Training complete.
Test Accuracy: 0.8001
+--------+--------+--------+--------+--------+
|        | Pred 0 | Pred 1 | Pred 2 | Pred 3 |
+--------+--------+--------+--------+--------+
| True 0 | 517    | 72     | 43     | 63     |
+--------+--------+--------+--------+--------+
| True 1 | 129    | 875    | 60     | 21     |
+--------+--------+--------+--------+--------+
| True 2 | 29     | 19     | 746    | 5      |
+--------+--------+--------+--------+--------+
| True 3 | 117    | 93     | 35     | 607    |
+--------+--------+--------+--------+--------+
